<?xml version="1.0" encoding="UTF-8"?>
<!-- Generated by org.testng.reporters.JUnitXMLReporter -->
<testsuite ignored="0" hostname="Bhavna" failures="0" tests="9" name="Default test" time="0.176" errors="0" timestamp="2023-09-25T12:34:37 IST">
  <testcase classname="testNG_Annotations.Flag6" name="ft1" time="0.017"/>
  <testcase classname="testNG_Annotations.Flag6" name="ft2" time="0.003"/>
  <testcase classname="testNG_Annotations.Flag6" name="ft3" time="0.003"/>
  <testcase classname="testNG_Annotations.Flag6" name="it1" time="0.002"/>
  <testcase classname="testNG_Annotations.Flag6" name="it2" time="0.003"/>
  <testcase classname="testNG_Annotations.Flag6" name="it3" time="0.002"/>
  <testcase classname="testNG_Annotations.Flag6" name="st1" time="0.001"/>
  <testcase classname="testNG_Annotations.Flag6" name="st2" time="0.003"/>
  <testcase classname="testNG_Annotations.Flag6" name="st3" time="0.003"/>
</testsuite> <!-- Default test -->
