<?xml version="1.0" encoding="UTF-8"?>
<!-- Generated by org.testng.reporters.JUnitXMLReporter -->
<testsuite ignored="0" hostname="Bhavna" failures="0" tests="6" name="Test" time="0.147" errors="0" timestamp="2023-09-17T11:31:22 IST">
  <testcase classname="TestNGpackage.TestNGClass3" name="method5" time="0.019"/>
  <testcase classname="TestNGpackage.TestNGClass3" name="method6" time="0.019"/>
  <testcase classname="TestNGpackage.TestNGClass1" name="method1" time="0.019"/>
  <testcase classname="TestNGpackage.TestNGClass2" name="method3" time="0.019"/>
  <testcase classname="TestNGpackage.TestNGClass2" name="method4" time="0.019"/>
  <testcase classname="TestNGpackage.TestNGClass1" name="method2" time="0.005"/>
</testsuite> <!-- Test -->
