<?xml version="1.0" encoding="UTF-8"?>
<!-- Generated by org.testng.reporters.JUnitXMLReporter -->
<testsuite ignored="0" hostname="Bhavna" failures="0" tests="3" name="Test123" time="0.095" errors="0" timestamp="2023-09-16T14:27:44 IST">
  <testcase classname="TestNGpackage.TestNGClass2" name="method1" time="0.011"/>
  <testcase classname="TestNGpackage.TestNGClass3" name="method1" time="0.002"/>
  <testcase classname="TestNGpackage.TestNGClass1" name="method1" time="0.002"/>
</testsuite> <!-- Test123 -->
