<?xml version="1.0" encoding="UTF-8"?>
<!-- Generated by org.testng.reporters.JUnitXMLReporter -->
<testsuite ignored="0" hostname="Bhavna" failures="0" tests="3" name="Test1" time="44.584" errors="0" timestamp="2023-09-17T11:05:45 IST">
  <testcase classname="TestNGpackage.SearchSQL" name="search_sql_in_firefox" time="32.737"/>
  <testcase classname="TestNGpackage.SearchSelenium" name="search_selenium_in_edge" time="40.793"/>
  <testcase classname="TestNGpackage.searchjava" name="java_search_in_chrome" time="44.493"/>
</testsuite> <!-- Test1 -->
